{"action":"create","level":"info","message":"방 생성 시도","mode":"public","roomId":"test-manoy27d-tl6v","timestamp":"2025-05-14T08:40:55.465Z","userId":"test-user"}
{"action":"create","level":"info","message":"방 생성 완료","mode":"public","roomId":"test-manoy27d-tl6v","timestamp":"2025-05-14T08:40:55.465Z","userId":"test-user"}
{"action":"create","level":"info","message":"방 생성 시도","mode":"public","roomId":"test-manqyaee-clvx","timestamp":"2025-05-14T09:37:05.318Z","userId":"test-user"}
{"0":"c","1":"o","10":"O","11":"N","12":"N","13":"R","14":"E","15":"F","16":"U","17":"S","18":"E","19":"D","2":"n","20":" ","21":":","22":":","23":"1","24":":","25":"2","26":"7","27":"0","28":"1","29":"7","3":"n","30":",","31":" ","32":"c","33":"o","34":"n","35":"n","36":"e","37":"c","38":"t","39":" ","4":"e","40":"E","41":"C","42":"O","43":"N","44":"N","45":"R","46":"E","47":"F","48":"U","49":"S","5":"c","50":"E","51":"D","52":" ","53":"1","54":"2","55":"7","56":".","57":"0","58":".","59":"0","6":"t","60":".","61":"1","62":":","63":"2","64":"7","65":"0","66":"1","67":"7","7":" ","8":"E","9":"C","level":"error","message":"MongoDB 연결 실패:","timestamp":"2025-05-14 18:37:35"}
{"action":"create","level":"info","message":"방 생성 시도","mode":"public","roomId":"test-manr1i4y-gywh","timestamp":"2025-05-14T09:39:35.314Z","userId":"test-user"}
{"0":"c","1":"o","10":"O","11":"N","12":"N","13":"R","14":"E","15":"F","16":"U","17":"S","18":"E","19":"D","2":"n","20":" ","21":":","22":":","23":"1","24":":","25":"2","26":"7","27":"0","28":"1","29":"7","3":"n","30":",","31":" ","32":"c","33":"o","34":"n","35":"n","36":"e","37":"c","38":"t","39":" ","4":"e","40":"E","41":"C","42":"O","43":"N","44":"N","45":"R","46":"E","47":"F","48":"U","49":"S","5":"c","50":"E","51":"D","52":" ","53":"1","54":"2","55":"7","56":".","57":"0","58":".","59":"0","6":"t","60":".","61":"1","62":":","63":"2","64":"7","65":"0","66":"1","67":"7","7":" ","8":"E","9":"C","level":"error","message":"MongoDB 연결 실패:","timestamp":"2025-05-14 18:40:05"}
{"action":"create","level":"info","message":"방 생성 시도","mode":"public","roomId":"test-manr4qlf-d8d1","timestamp":"2025-05-14T09:42:06.243Z","userId":"test-user"}
{"0":"c","1":"o","10":"O","11":"N","12":"N","13":"R","14":"E","15":"F","16":"U","17":"S","18":"E","19":"D","2":"n","20":" ","21":":","22":":","23":"1","24":":","25":"2","26":"7","27":"0","28":"1","29":"7","3":"n","30":",","31":" ","32":"c","33":"o","34":"n","35":"n","36":"e","37":"c","38":"t","39":" ","4":"e","40":"E","41":"C","42":"O","43":"N","44":"N","45":"R","46":"E","47":"F","48":"U","49":"S","5":"c","50":"E","51":"D","52":" ","53":"1","54":"2","55":"7","56":".","57":"0","58":".","59":"0","6":"t","60":".","61":"1","62":":","63":"2","64":"7","65":"0","66":"1","67":"7","7":" ","8":"E","9":"C","level":"error","message":"MongoDB 연결 실패:","timestamp":"2025-05-14 18:42:36"}
{"action":"create","level":"info","message":"방 생성 시도","mode":"public","roomId":"test-manr8ldf-vpdy","timestamp":"2025-05-14T09:45:06.099Z","userId":"test-user"}
{"0":"c","1":"o","10":"O","11":"N","12":"N","13":"R","14":"E","15":"F","16":"U","17":"S","18":"E","19":"D","2":"n","20":" ","21":":","22":":","23":"1","24":":","25":"2","26":"7","27":"0","28":"1","29":"7","3":"n","30":",","31":" ","32":"c","33":"o","34":"n","35":"n","36":"e","37":"c","38":"t","39":" ","4":"e","40":"E","41":"C","42":"O","43":"N","44":"N","45":"R","46":"E","47":"F","48":"U","49":"S","5":"c","50":"E","51":"D","52":" ","53":"1","54":"2","55":"7","56":".","57":"0","58":".","59":"0","6":"t","60":".","61":"1","62":":","63":"2","64":"7","65":"0","66":"1","67":"7","7":" ","8":"E","9":"C","level":"error","message":"MongoDB 연결 실패:","timestamp":"2025-05-14 18:45:36"}
{"action":"create","level":"info","message":"방 생성 시도","mode":"public","roomId":"test-manragal-3wki","timestamp":"2025-05-14T09:46:32.829Z","userId":"test-user"}
{"0":"b","1":"a","10":" ","11":"a","12":"u","13":"t","14":"h","15":"e","16":"n","17":"t","18":"i","19":"c","2":"d","20":"a","21":"t","22":"i","23":"o","24":"n","25":" ","26":"f","27":"a","28":"i","29":"l","3":" ","30":"e","31":"d","4":"a","5":"u","6":"t","7":"h","8":" ","9":":","level":"error","message":"MongoDB 연결 실패:","timestamp":"2025-05-14 18:46:33"}
{"action":"create","level":"info","message":"방 생성 시도","mode":"public","roomId":"test-manrd1qt-kyij","timestamp":"2025-05-14T09:48:33.941Z","userId":"test-user"}
{"action":"create","level":"info","message":"방 생성 시도","mode":"public","roomId":"test-manrepiz-4lud","timestamp":"2025-05-14T09:49:51.419Z","userId":"test-user"}
{"action":"create","level":"info","message":"방 생성 시도","mode":"public","roomId":"test-manresci-6llc","timestamp":"2025-05-14T09:49:55.074Z","userId":"test-user"}
{"action":"create","level":"info","message":"방 생성 시도","mode":"public","roomId":"test-manrgker-3mlm","timestamp":"2025-05-14T09:51:18.099Z","userId":"test-user"}
{"level":"info","message":"MongoDB 연결 성공","timestamp":"2025-05-14 18:51:18"}
{"action":"create","level":"info","message":"방 생성 완료","mode":"public","roomId":"test-manrgker-3mlm","timestamp":"2025-05-14T09:51:18.099Z","userId":"test-user"}
{"action":"create","level":"info","message":"방 생성 시도","mode":"public","roomId":"test-mao288lz-ddkx","timestamp":"2025-05-14T14:52:45.335Z","userId":"test-user"}
{"level":"info","message":"MongoDB 연결 성공","timestamp":"2025-05-14 23:52:46"}
{"action":"create","level":"info","message":"방 생성 완료","mode":"public","roomId":"test-mao288lz-ddkx","timestamp":"2025-05-14T14:52:45.335Z","userId":"test-user"}
{"action":"create","level":"info","message":"방 생성 시도","mode":"public","roomId":"test-mao2fxi4-76fw","timestamp":"2025-05-14T14:58:44.188Z","userId":"test-user"}
{"level":"info","message":"MongoDB 연결 성공","timestamp":"2025-05-14 23:58:45"}
{"action":"create","level":"info","message":"방 생성 완료","mode":"public","roomId":"test-mao2fxi4-76fw","timestamp":"2025-05-14T14:58:44.188Z","userId":"test-user"}
{"level":"info","message":"방 ID 생성","name":"khu note","roomId":"4177f3f1c972","timestamp":"2025-05-14T15:01:58.076Z"}
{"action":"create","level":"info","message":"방 생성 시도","mode":"public","roomId":"test-mao2pdu1-x3ra","timestamp":"2025-05-14T15:06:05.257Z","userId":"test-user"}
{"level":"info","message":"MongoDB 연결 성공","timestamp":"2025-05-15 00:06:06"}
{"action":"create","level":"info","message":"방 생성 완료","mode":"public","roomId":"test-mao2pdu1-x3ra","timestamp":"2025-05-14T15:06:05.257Z","userId":"test-user"}
{"level":"info","message":"방 ID 생성","name":"khu note","roomId":"3119dac3616b","timestamp":"2025-05-14T15:09:24.529Z"}
{"level":"info","message":"해시 생성 시작","name":"khu note","timestamp":"2025-05-14T15:10:42.092Z"}
{"hash":"430d235c2826","level":"info","message":"해시 생성 완료","name":"khu note","timestamp":"2025-05-14T15:10:42.092Z"}
{"level":"info","message":"방 ID 생성","name":"khu note","roomId":"430d235c2826","timestamp":"2025-05-14T15:10:42.092Z"}
{"level":"info","message":"해시 생성 시작","name":"khu note","timestamp":"2025-05-14T15:19:37.733Z"}
{"hash":"ba9abcaf2e97","level":"info","message":"해시 생성 완료","name":"khu note","timestamp":"2025-05-14T15:19:37.733Z"}
{"level":"info","message":"방 ID 생성","name":"khu note","roomId":"ba9abcaf2e97","timestamp":"2025-05-14T15:19:37.733Z"}
{"action":"create","level":"info","message":"방 생성 시도","mode":"public","roomId":"test-mao38y1g-dgt5","timestamp":"2025-05-14T15:21:17.908Z","userId":"test-user"}
{"level":"info","message":"MongoDB 연결 성공","timestamp":"2025-05-15 00:21:18"}
{"action":"create","level":"info","message":"방 생성 완료","mode":"public","roomId":"test-mao38y1g-dgt5","timestamp":"2025-05-14T15:21:17.908Z","userId":"test-user"}
{"action":"create","level":"info","message":"방 생성 시도","mode":"public","roomId":"test-mao3bkv0-2coo","timestamp":"2025-05-14T15:23:20.796Z","userId":"test-user"}
{"action":"create","level":"info","message":"방 생성 완료","mode":"public","roomId":"test-mao3bkv0-2coo","timestamp":"2025-05-14T15:23:20.796Z","userId":"test-user"}
{"action":"create","level":"info","message":"방 생성 시도","mode":"public","roomId":"test-mao3dw67-gunx","timestamp":"2025-05-14T15:25:08.767Z","userId":"test-user"}
{"action":"create","level":"info","message":"방 생성 완료","mode":"public","roomId":"test-mao3dw67-gunx","timestamp":"2025-05-14T15:25:08.767Z","userId":"test-user"}
{"action":"create","level":"info","message":"방 생성 시도","mode":"public","roomId":"test-mao3f5sg-q3fw","timestamp":"2025-05-14T15:26:07.888Z","userId":"test-user"}
{"action":"create","level":"info","message":"방 생성 완료","mode":"public","roomId":"test-mao3f5sg-q3fw","timestamp":"2025-05-14T15:26:07.888Z","userId":"test-user"}
{"action":"create","level":"info","message":"방 생성 시도","mode":"public","roomId":"test-mao3fzb1-ol28","timestamp":"2025-05-14T15:26:46.141Z","userId":"test-user"}
{"action":"create","level":"info","message":"방 생성 완료","mode":"public","roomId":"test-mao3fzb1-ol28","timestamp":"2025-05-14T15:26:46.141Z","userId":"test-user"}
{"level":"info","message":"해시 생성 시작","name":"khu note1","timestamp":"2025-05-14T15:27:25.933Z"}
{"hash":"cabd54d7dfcc","level":"info","message":"해시 생성 완료","name":"khu note1","timestamp":"2025-05-14T15:27:25.933Z"}
{"level":"info","message":"방 ID 생성","name":"khu note1","roomId":"cabd54d7dfcc","timestamp":"2025-05-14T15:27:25.933Z"}
{"action":"create","level":"info","message":"방 생성 시도","mode":"public","roomId":"test-mao3i61i-3xp5","timestamp":"2025-05-14T15:28:28.182Z","userId":"test-user"}
{"action":"create","level":"info","message":"방 생성 완료","mode":"public","roomId":"test-mao3i61i-3xp5","timestamp":"2025-05-14T15:28:28.182Z","userId":"test-user"}
{"level":"info","message":"해시 생성 시작","name":"khu note1","timestamp":"2025-05-14T15:33:43.869Z"}
{"hash":"8da82904caad","level":"info","message":"해시 생성 완료","name":"khu note1","timestamp":"2025-05-14T15:33:43.869Z"}
{"level":"info","message":"방 ID 생성","name":"khu note1","roomId":"8da82904caad","timestamp":"2025-05-14T15:33:43.869Z"}
{"level":"info","message":"해시 생성 시작","name":"khu note1","timestamp":"2025-05-14T15:34:55.063Z"}
{"hash":"471ef86ac4d6","level":"info","message":"해시 생성 완료","name":"khu note1","timestamp":"2025-05-14T15:34:55.063Z"}
{"level":"info","message":"방 ID 생성","name":"khu note1","roomId":"471ef86ac4d6","timestamp":"2025-05-14T15:34:55.063Z"}
{"level":"info","message":"해시 생성 시작","name":"khu note1","timestamp":"2025-05-14T15:36:26.824Z"}
{"hash":"54370ac3704f","level":"info","message":"해시 생성 완료","name":"khu note1","timestamp":"2025-05-14T15:36:26.824Z"}
{"level":"info","message":"방 ID 생성","name":"khu note1","roomId":"54370ac3704f","timestamp":"2025-05-14T15:36:26.824Z"}
{"level":"info","message":"해시 생성 시작","name":"khu note1","timestamp":"2025-05-14T15:37:21.171Z"}
{"hash":"f38c0dcf64cf","level":"info","message":"해시 생성 완료","name":"khu note1","timestamp":"2025-05-14T15:37:21.171Z"}
{"level":"info","message":"방 ID 생성","name":"khu note1","roomId":"f38c0dcf64cf","timestamp":"2025-05-14T15:37:21.171Z"}
{"action":"create","level":"info","message":"방 생성 시도","mode":"public","timestamp":"2025-05-14T15:37:28.689Z"}
{"level":"info","message":"MongoDB 연결 성공","timestamp":"2025-05-15 00:37:29"}
{"action":"create","level":"info","message":"방 생성 완료","mode":"public","timestamp":"2025-05-14T15:37:28.689Z"}
{"level":"info","message":"해시 생성 시작","name":"khu note1","timestamp":"2025-05-14T15:39:53.209Z"}
{"hash":"fbb8fbbccfdb","level":"info","message":"해시 생성 완료","name":"khu note1","timestamp":"2025-05-14T15:39:53.209Z"}
{"level":"info","message":"방 ID 생성","name":"khu note1","roomId":"fbb8fbbccfdb","timestamp":"2025-05-14T15:39:53.209Z"}
{"action":"create","level":"info","message":"방 생성 시도","mode":"public","timestamp":"2025-05-14T15:40:56.874Z"}
{"level":"info","message":"MongoDB 연결 성공","timestamp":"2025-05-15 00:40:57"}
{"action":"create","level":"info","message":"방 생성 완료","mode":"public","timestamp":"2025-05-14T15:40:56.874Z"}
{"level":"info","message":"해시 생성 시작","name":"khu note1","timestamp":"2025-05-14T15:43:03.663Z"}
{"hash":"d6fe5a6aa488","level":"info","message":"해시 생성 완료","name":"khu note1","timestamp":"2025-05-14T15:43:03.663Z"}
{"level":"info","message":"방 ID 생성","name":"khu note1","roomId":"d6fe5a6aa488","timestamp":"2025-05-14T15:43:03.663Z"}
{"action":"create","level":"info","message":"방 생성 시도","mode":"public","roomId":"fbb8fbbccfdb","timestamp":"2025-05-14T15:43:15.670Z"}
{"level":"info","message":"MongoDB 연결 성공","timestamp":"2025-05-15 00:43:16"}
{"action":"create","level":"info","message":"방 생성 완료","mode":"public","roomId":"fbb8fbbccfdb","timestamp":"2025-05-14T15:43:15.670Z"}
{"level":"info","message":"해시 생성 시작","name":"khu note1","timestamp":"2025-05-14T15:47:28.046Z"}
{"hash":"8af240448f08","level":"info","message":"해시 생성 완료","name":"khu note1","timestamp":"2025-05-14T15:47:28.046Z"}
{"level":"info","message":"방 ID 생성","name":"khu note1","roomId":"8af240448f08","timestamp":"2025-05-14T15:47:28.046Z"}
{"action":"create","level":"info","message":"방 생성 시도","mode":"public","roomId":"8af240448f08","timestamp":"2025-05-14T15:48:33.068Z"}
{"level":"info","message":"MongoDB 연결 성공","timestamp":"2025-05-15 00:48:33"}
{"action":"create","level":"info","message":"방 생성 완료","mode":"public","roomId":"8af240448f08","timestamp":"2025-05-14T15:48:33.068Z"}
{"action":"create","level":"info","message":"방 생성 시도","mode":"public","roomId":"8af240448f08","timestamp":"2025-05-14T15:48:49.732Z"}
{"action":"create","level":"info","message":"방 생성 완료","mode":"public","roomId":"8af240448f08","timestamp":"2025-05-14T15:48:49.732Z"}
{"action":"create","level":"info","message":"방 생성 시도","mode":"public","roomId":"8af240448f08","timestamp":"2025-05-14T15:50:26.619Z"}
{"level":"info","message":"MongoDB 연결 성공","timestamp":"2025-05-15 00:50:27"}
{"action":"create","level":"info","message":"방 생성 완료","mode":"public","roomId":"8af240448f08","timestamp":"2025-05-14T15:50:26.619Z"}
{"action":"create","level":"info","message":"방 생성 시도","mode":"public","roomId":"8af240448f08","timestamp":"2025-05-14T15:51:37.724Z"}
{"level":"info","message":"MongoDB 연결 성공","timestamp":"2025-05-15 00:51:39"}
{"action":"create","level":"info","message":"방 생성 완료","mode":"public","roomId":"8af240448f08","timestamp":"2025-05-14T15:51:37.724Z"}
{"action":"join","level":"info","message":"방 참가 시도","mode":"public","roomId":"8af240448f08","timestamp":"2025-05-14T15:51:41.533Z"}
{"action":"join","level":"info","message":"방 참가 완료","mode":"public","roomId":"8af240448f08","timestamp":"2025-05-14T15:51:41.534Z"}
{"level":"info","message":"해시 생성 시작","name":"khu note1","timestamp":"2025-05-14T16:00:29.135Z"}
{"hash":"e212989ca5f7","level":"info","message":"해시 생성 완료","name":"khu note1","timestamp":"2025-05-14T16:00:29.135Z"}
{"level":"info","message":"방 ID 생성","name":"khu note1","roomId":"e212989ca5f7","timestamp":"2025-05-14T16:00:29.135Z"}
{"action":"create","level":"info","message":"방 생성 시도","mode":"public","roomId":"e212989ca5f7","timestamp":"2025-05-14T16:00:42.592Z"}
{"action":"create","level":"info","message":"방 생성 완료","mode":"public","roomId":"e212989ca5f7","timestamp":"2025-05-14T16:00:42.592Z"}
{"action":"join","level":"info","message":"방 참가 시도","mode":"public","roomId":"e212989ca5f7","timestamp":"2025-05-14T16:00:46.140Z"}
{"action":"join","level":"info","message":"방 참가 완료","mode":"public","roomId":"e212989ca5f7","timestamp":"2025-05-14T16:00:46.140Z"}
{"body":{},"ip":"::1","level":"info","message":"API 요청","method":"POST","params":{},"query":{},"timestamp":"2025-05-14T16:12:37.904Z","url":"/api/auth/token"}
{"level":"info","message":"API 응답","method":"POST","responseTime":null,"statusCode":200,"timestamp":"2025-05-14T16:12:37.909Z","url":"/api/auth/token"}
{"body":{},"ip":"::1","level":"info","message":"API 요청","method":"POST","params":{},"query":{},"timestamp":"2025-05-14T16:12:49.874Z","url":"/api/room/generate-id"}
{"error":{"code":400,"message":"name은 필수입니다.","stack":"Error: name은 필수입니다.\n    at RoomService.generateRoomId (D:\\workspaces\\nodejs\\socketio\\service\\roomService.js:34:19)\n    at generateRoomId (D:\\workspaces\\nodejs\\socketio\\controller\\roomController.js:10:40)\n    at Layer.handle [as handle_request] (D:\\workspaces\\nodejs\\socketio\\node_modules\\express\\lib\\router\\layer.js:95:5)\n    at next (D:\\workspaces\\nodejs\\socketio\\node_modules\\express\\lib\\router\\route.js:149:13)\n    at Route.dispatch (D:\\workspaces\\nodejs\\socketio\\node_modules\\express\\lib\\router\\route.js:119:3)\n    at Layer.handle [as handle_request] (D:\\workspaces\\nodejs\\socketio\\node_modules\\express\\lib\\router\\layer.js:95:5)\n    at D:\\workspaces\\nodejs\\socketio\\node_modules\\express\\lib\\router\\index.js:284:15\n    at Function.process_params (D:\\workspaces\\nodejs\\socketio\\node_modules\\express\\lib\\router\\index.js:346:12)\n    at next (D:\\workspaces\\nodejs\\socketio\\node_modules\\express\\lib\\router\\index.js:280:10)\n    at verifyToken (D:\\workspaces\\nodejs\\socketio\\common\\jwt.js:19:9)","type":"Operational"},"level":"error","message":"에러 발생","request":{"body":{},"ip":"::1","method":"POST","params":{},"path":"/api/room/generate-id","query":{},"url":"/api/room/generate-id"},"timestamp":"2025-05-14T16:12:49.878Z","user":{"role":"user"}}
{"level":"info","message":"API 응답","method":"POST","responseTime":null,"statusCode":400,"timestamp":"2025-05-14T16:12:49.880Z","url":"/api/room/generate-id"}
{"body":{"name":"khu note1"},"ip":"::1","level":"info","message":"API 요청","method":"POST","params":{},"query":{},"timestamp":"2025-05-14T16:13:30.740Z","url":"/api/room/generate-id"}
{"level":"info","message":"해시 생성 시작","name":"khu note1","timestamp":"2025-05-14T16:13:30.742Z"}
{"hash":"851b39aa3238","level":"info","message":"해시 생성 완료","name":"khu note1","timestamp":"2025-05-14T16:13:30.742Z"}
{"level":"info","message":"방 ID 생성","name":"khu note1","roomId":"851b39aa3238","timestamp":"2025-05-14T16:13:30.742Z"}
{"level":"info","message":"API 응답","method":"POST","responseTime":null,"statusCode":200,"timestamp":"2025-05-14T16:13:30.745Z","url":"/api/room/generate-id"}
{"body":{"name":"khu note1"},"ip":"::1","level":"info","message":"API 요청","method":"POST","params":{},"query":{},"timestamp":"2025-05-14T16:14:19.381Z","url":"/api/room/generate-id"}
{"level":"info","message":"해시 생성 시작","name":"khu note1","timestamp":"2025-05-14T16:14:19.382Z"}
{"hash":"924347d67ef3","level":"info","message":"해시 생성 완료","name":"khu note1","timestamp":"2025-05-14T16:14:19.382Z"}
{"level":"info","message":"방 ID 생성","name":"khu note1","roomId":"924347d67ef3","timestamp":"2025-05-14T16:14:19.382Z"}
{"level":"info","message":"API 응답","method":"POST","responseTime":null,"statusCode":200,"timestamp":"2025-05-14T16:14:19.382Z","url":"/api/room/generate-id"}
{"body":{},"ip":"::1","level":"info","message":"API 요청","method":"POST","params":{},"query":{},"timestamp":"2025-05-14T16:16:20.571Z","url":"/api/auth/token"}
{"level":"info","message":"API 응답","method":"POST","responseTime":null,"statusCode":200,"timestamp":"2025-05-14T16:16:20.577Z","url":"/api/auth/token"}
{"body":{"name":"khu note1"},"ip":"::1","level":"info","message":"API 요청","method":"POST","params":{},"query":{},"timestamp":"2025-05-14T16:16:29.225Z","url":"/api/room/generate-id"}
{"error":{"code":500,"message":"Class constructor AppError cannot be invoked without 'new'","stack":"TypeError: Class constructor AppError cannot be invoked without 'new'\n    at verifyToken (D:\\workspaces\\nodejs\\socketio\\common\\error\\jwt.js:22:16)\n    at Layer.handle [as handle_request] (D:\\workspaces\\nodejs\\socketio\\node_modules\\express\\lib\\router\\layer.js:95:5)\n    at trim_prefix (D:\\workspaces\\nodejs\\socketio\\node_modules\\express\\lib\\router\\index.js:328:13)\n    at D:\\workspaces\\nodejs\\socketio\\node_modules\\express\\lib\\router\\index.js:286:9\n    at Function.process_params (D:\\workspaces\\nodejs\\socketio\\node_modules\\express\\lib\\router\\index.js:346:12)\n    at next (D:\\workspaces\\nodejs\\socketio\\node_modules\\express\\lib\\router\\index.js:280:10)\n    at Function.handle (D:\\workspaces\\nodejs\\socketio\\node_modules\\express\\lib\\router\\index.js:175:3)\n    at router (D:\\workspaces\\nodejs\\socketio\\node_modules\\express\\lib\\router\\index.js:47:12)\n    at Layer.handle [as handle_request] (D:\\workspaces\\nodejs\\socketio\\node_modules\\express\\lib\\router\\layer.js:95:5)\n    at trim_prefix (D:\\workspaces\\nodejs\\socketio\\node_modules\\express\\lib\\router\\index.js:328:13)","type":"Programming"},"level":"error","message":"에러 발생","request":{"body":{"name":"khu note1"},"ip":"::1","method":"POST","params":{},"path":"/api/room/generate-id","query":{},"url":"/api/room/generate-id"},"timestamp":"2025-05-14T16:16:29.227Z","user":"anonymous"}
{"level":"info","message":"API 응답","method":"POST","responseTime":null,"statusCode":500,"timestamp":"2025-05-14T16:16:29.229Z","url":"/api/room/generate-id"}
{"body":{"name":"khu note1"},"ip":"::1","level":"info","message":"API 요청","method":"POST","params":{},"query":{},"timestamp":"2025-05-14T16:17:43.784Z","url":"/api/room/generate-id"}
{"error":{"code":500,"message":"Class constructor AppError cannot be invoked without 'new'","stack":"TypeError: Class constructor AppError cannot be invoked without 'new'\n    at verifyToken (D:\\workspaces\\nodejs\\socketio\\common\\error\\jwt.js:8:16)\n    at Layer.handle [as handle_request] (D:\\workspaces\\nodejs\\socketio\\node_modules\\express\\lib\\router\\layer.js:95:5)\n    at trim_prefix (D:\\workspaces\\nodejs\\socketio\\node_modules\\express\\lib\\router\\index.js:328:13)\n    at D:\\workspaces\\nodejs\\socketio\\node_modules\\express\\lib\\router\\index.js:286:9\n    at Function.process_params (D:\\workspaces\\nodejs\\socketio\\node_modules\\express\\lib\\router\\index.js:346:12)\n    at next (D:\\workspaces\\nodejs\\socketio\\node_modules\\express\\lib\\router\\index.js:280:10)\n    at Function.handle (D:\\workspaces\\nodejs\\socketio\\node_modules\\express\\lib\\router\\index.js:175:3)\n    at router (D:\\workspaces\\nodejs\\socketio\\node_modules\\express\\lib\\router\\index.js:47:12)\n    at Layer.handle [as handle_request] (D:\\workspaces\\nodejs\\socketio\\node_modules\\express\\lib\\router\\layer.js:95:5)\n    at trim_prefix (D:\\workspaces\\nodejs\\socketio\\node_modules\\express\\lib\\router\\index.js:328:13)","type":"Programming"},"level":"error","message":"에러 발생","request":{"body":{"name":"khu note1"},"ip":"::1","method":"POST","params":{},"path":"/api/room/generate-id","query":{},"url":"/api/room/generate-id"},"timestamp":"2025-05-14T16:17:43.787Z","user":"anonymous"}
{"level":"info","message":"API 응답","method":"POST","responseTime":null,"statusCode":500,"timestamp":"2025-05-14T16:17:43.788Z","url":"/api/room/generate-id"}
{"body":{"name":"khu note1"},"ip":"::1","level":"info","message":"API 요청","method":"POST","params":{},"query":{},"timestamp":"2025-05-14T16:18:02.818Z","url":"/api/room/generate-id"}
{"error":{"code":500,"message":"Class constructor AppError cannot be invoked without 'new'","stack":"TypeError: Class constructor AppError cannot be invoked without 'new'\n    at verifyToken (D:\\workspaces\\nodejs\\socketio\\common\\error\\jwt.js:8:16)\n    at Layer.handle [as handle_request] (D:\\workspaces\\nodejs\\socketio\\node_modules\\express\\lib\\router\\layer.js:95:5)\n    at trim_prefix (D:\\workspaces\\nodejs\\socketio\\node_modules\\express\\lib\\router\\index.js:328:13)\n    at D:\\workspaces\\nodejs\\socketio\\node_modules\\express\\lib\\router\\index.js:286:9\n    at Function.process_params (D:\\workspaces\\nodejs\\socketio\\node_modules\\express\\lib\\router\\index.js:346:12)\n    at next (D:\\workspaces\\nodejs\\socketio\\node_modules\\express\\lib\\router\\index.js:280:10)\n    at Function.handle (D:\\workspaces\\nodejs\\socketio\\node_modules\\express\\lib\\router\\index.js:175:3)\n    at router (D:\\workspaces\\nodejs\\socketio\\node_modules\\express\\lib\\router\\index.js:47:12)\n    at Layer.handle [as handle_request] (D:\\workspaces\\nodejs\\socketio\\node_modules\\express\\lib\\router\\layer.js:95:5)\n    at trim_prefix (D:\\workspaces\\nodejs\\socketio\\node_modules\\express\\lib\\router\\index.js:328:13)","type":"Programming"},"level":"error","message":"에러 발생","request":{"body":{"name":"khu note1"},"ip":"::1","method":"POST","params":{},"path":"/api/room/generate-id","query":{},"url":"/api/room/generate-id"},"timestamp":"2025-05-14T16:18:02.819Z","user":"anonymous"}
{"level":"info","message":"API 응답","method":"POST","responseTime":null,"statusCode":500,"timestamp":"2025-05-14T16:18:02.820Z","url":"/api/room/generate-id"}
{"body":{},"ip":"::1","level":"info","message":"API 요청","method":"POST","params":{},"query":{},"timestamp":"2025-05-14T16:18:12.072Z","url":"/api/auth/token"}
{"level":"info","message":"API 응답","method":"POST","responseTime":null,"statusCode":200,"timestamp":"2025-05-14T16:18:12.074Z","url":"/api/auth/token"}
{"body":{"name":"khu note1"},"ip":"::1","level":"info","message":"API 요청","method":"POST","params":{},"query":{},"timestamp":"2025-05-14T16:18:22.591Z","url":"/api/room/generate-id"}
{"level":"info","message":"해시 생성 시작","name":"khu note1","timestamp":"2025-05-14T16:18:22.592Z"}
{"hash":"9efdb565c5e0","level":"info","message":"해시 생성 완료","name":"khu note1","timestamp":"2025-05-14T16:18:22.592Z"}
{"level":"info","message":"방 ID 생성","name":"khu note1","roomId":"9efdb565c5e0","timestamp":"2025-05-14T16:18:22.592Z"}
{"level":"info","message":"API 응답","method":"POST","responseTime":null,"statusCode":200,"timestamp":"2025-05-14T16:18:22.593Z","url":"/api/room/generate-id"}
{"body":{"name":"khu note1"},"ip":"::1","level":"info","message":"API 요청","method":"POST","params":{},"query":{},"timestamp":"2025-05-14T16:18:34.269Z","url":"/api/room/generate-id"}
{"level":"info","message":"해시 생성 시작","name":"khu note1","timestamp":"2025-05-14T16:18:34.270Z"}
{"hash":"645dc31da9b7","level":"info","message":"해시 생성 완료","name":"khu note1","timestamp":"2025-05-14T16:18:34.270Z"}
{"level":"info","message":"방 ID 생성","name":"khu note1","roomId":"645dc31da9b7","timestamp":"2025-05-14T16:18:34.270Z"}
{"level":"info","message":"API 응답","method":"POST","responseTime":null,"statusCode":200,"timestamp":"2025-05-14T16:18:34.272Z","url":"/api/room/generate-id"}
{"body":{"name":"khu note1"},"ip":"::1","level":"info","message":"API 요청","method":"POST","params":{},"query":{},"timestamp":"2025-05-14T16:18:44.208Z","url":"/api/room/generate-id"}
{"level":"info","message":"해시 생성 시작","name":"khu note1","timestamp":"2025-05-14T16:18:44.209Z"}
{"hash":"57230968fa05","level":"info","message":"해시 생성 완료","name":"khu note1","timestamp":"2025-05-14T16:18:44.209Z"}
{"level":"info","message":"방 ID 생성","name":"khu note1","roomId":"57230968fa05","timestamp":"2025-05-14T16:18:44.209Z"}
{"level":"info","message":"API 응답","method":"POST","responseTime":null,"statusCode":200,"timestamp":"2025-05-14T16:18:44.210Z","url":"/api/room/generate-id"}
{"body":{"mode":"public","roomId":"e212989ca5f7"},"ip":"::1","level":"info","message":"API 요청","method":"POST","params":{},"query":{},"timestamp":"2025-05-14T16:18:46.436Z","url":"/api/room/create"}
{"action":"create","level":"info","message":"방 생성 시도","mode":"public","roomId":"e212989ca5f7","timestamp":"2025-05-14T16:18:46.437Z"}
{"level":"info","message":"MongoDB 연결 성공","timestamp":"2025-05-15 01:18:47"}
{"action":"create","level":"info","message":"방 생성 완료","mode":"public","roomId":"e212989ca5f7","timestamp":"2025-05-14T16:18:46.437Z"}
{"level":"info","message":"API 응답","method":"POST","responseTime":null,"statusCode":200,"timestamp":"2025-05-14T16:18:47.958Z","url":"/api/room/create"}
{"body":{"name":"khu note1"},"ip":"::1","level":"info","message":"API 요청","method":"POST","params":{},"query":{},"timestamp":"2025-05-14T16:18:55.583Z","url":"/api/room/generate-id"}
{"level":"info","message":"해시 생성 시작","name":"khu note1","timestamp":"2025-05-14T16:18:55.586Z"}
{"hash":"cd3daae1073d","level":"info","message":"해시 생성 완료","name":"khu note1","timestamp":"2025-05-14T16:18:55.586Z"}
{"level":"info","message":"방 ID 생성","name":"khu note1","roomId":"cd3daae1073d","timestamp":"2025-05-14T16:18:55.586Z"}
{"level":"info","message":"API 응답","method":"POST","responseTime":null,"statusCode":200,"timestamp":"2025-05-14T16:18:55.587Z","url":"/api/room/generate-id"}
{"body":{},"ip":"::1","level":"info","message":"API 요청","method":"POST","params":{},"query":{},"timestamp":"2025-05-14T16:29:07.361Z","url":"/api/auth/token"}
{"level":"info","message":"API 응답","method":"POST","responseTime":null,"statusCode":200,"timestamp":"2025-05-14T16:29:07.369Z","url":"/api/auth/token"}
{"body":{"name":"khu note1"},"ip":"::1","level":"info","message":"API 요청","method":"POST","params":{},"query":{},"timestamp":"2025-05-14T16:29:19.099Z","url":"/api/room/generate-id"}
{"level":"info","message":"해시 생성 시작","name":"khu note1","timestamp":"2025-05-14T16:29:19.101Z"}
{"hash":"e30583d4e732","level":"info","message":"해시 생성 완료","name":"khu note1","timestamp":"2025-05-14T16:29:19.101Z"}
{"level":"info","message":"방 ID 생성","name":"khu note1","roomId":"e30583d4e732","timestamp":"2025-05-14T16:29:19.101Z"}
{"level":"info","message":"API 응답","method":"POST","responseTime":null,"statusCode":200,"timestamp":"2025-05-14T16:29:19.103Z","url":"/api/room/generate-id"}
{"body":{"mode":"public","roomId":"e30583d4e732"},"ip":"::1","level":"info","message":"API 요청","method":"POST","params":{},"query":{},"timestamp":"2025-05-14T16:29:33.408Z","url":"/api/room/create"}
{"action":"create","level":"info","message":"방 생성 시도","mode":"public","roomId":"e30583d4e732","timestamp":"2025-05-14T16:29:33.409Z"}
{"level":"info","message":"MongoDB 연결 성공","timestamp":"2025-05-15 01:29:34"}
{"action":"create","level":"info","message":"방 생성 완료","mode":"public","roomId":"e30583d4e732","timestamp":"2025-05-14T16:29:33.409Z"}
{"level":"info","message":"API 응답","method":"POST","responseTime":null,"statusCode":200,"timestamp":"2025-05-14T16:29:34.373Z","url":"/api/room/create"}
{"body":{},"ip":"::1","level":"info","message":"API 요청","method":"GET","params":{},"query":{"mode":"public","roomId":"e30583d4e732"},"timestamp":"2025-05-14T16:29:42.068Z","url":"/api/room/join/?mode=public&roomId=e30583d4e732"}
{"action":"join","level":"info","message":"방 참가 시도","mode":"public","roomId":"e30583d4e732","timestamp":"2025-05-14T16:29:42.146Z"}
{"action":"join","level":"info","message":"방 참가 완료","mode":"public","roomId":"e30583d4e732","timestamp":"2025-05-14T16:29:42.147Z"}
{"level":"info","message":"API 응답","method":"GET","responseTime":null,"statusCode":200,"timestamp":"2025-05-14T16:29:42.148Z","url":"/api/room/join/?mode=public&roomId=e30583d4e732"}
{"body":{},"ip":"::1","level":"info","message":"API 요청","method":"GET","params":{},"query":{"mode":"public","roomId":"dfd"},"timestamp":"2025-05-14T16:29:52.569Z","url":"/api/room/join/?mode=public&roomId=dfd"}
{"error":{"code":404,"message":"존재하지 않는 방입니다.","stack":"Error: 존재하지 않는 방입니다.\n    at RoomService.joinRoom (D:\\workspaces\\nodejs\\socketio\\service\\roomService.js:107:19)\n    at process.processTicksAndRejections (node:internal/process/task_queues:105:5)\n    at async joinRoom (D:\\workspaces\\nodejs\\socketio\\controller\\roomController.js:42:28)","type":"Operational"},"level":"error","message":"에러 발생","request":{"body":{},"ip":"::1","method":"GET","params":{},"path":"/api/room/join/","query":{"mode":"public","roomId":"dfd"},"url":"/api/room/join/?mode=public&roomId=dfd"},"timestamp":"2025-05-14T16:29:52.634Z","user":{"role":"user"}}
{"level":"info","message":"API 응답","method":"GET","responseTime":null,"statusCode":404,"timestamp":"2025-05-14T16:29:52.636Z","url":"/api/room/join/?mode=public&roomId=dfd"}
{"body":{},"ip":"::1","level":"info","message":"API 요청","method":"GET","params":{},"query":{"mode":"public","roomId":"e30583d4e732"},"timestamp":"2025-05-14T16:33:21.062Z","url":"/api/room/join/?mode=public&roomId=e30583d4e732"}
{"action":"join","level":"info","message":"방 참가 시도","mode":"public","roomId":"e30583d4e732","timestamp":"2025-05-14T16:33:21.115Z"}
{"action":"join","level":"info","message":"방 참가 완료","mode":"public","roomId":"e30583d4e732","timestamp":"2025-05-14T16:33:21.116Z"}
{"level":"info","message":"API 응답","method":"GET","responseTime":null,"statusCode":200,"timestamp":"2025-05-14T16:33:21.116Z","url":"/api/room/join/?mode=public&roomId=e30583d4e732"}
